# JRE version: OpenJDK Runtime Environment (17.0.6) (build 17.0.6+0-b2043.56-10027231)
# Java VM: OpenJDK 64-Bit Server VM (17.0.6+0-b2043.56-10027231, mixed mode, tiered, compressed oops, compressed class ptrs, g1 gc, windows-amd64)
GC Precious Log:
 CPUs: 16 total, 16 available
 Memory: 7597M
 Large Page Support: Disabled
 NUMA Support: Disabled
 Compressed Oops: Enabled (32-bit)
 Heap Region Size: 1M
 Heap Min Capacity: 8M
 Heap Initial Capacity: 120M
 Heap Max Capacity: 2G
 Pre-touch: Disabled
 Parallel Workers: 13
 Concurrent Workers: 3
 Concurrent Refinement Workers: 13
 Periodic GC: Disabled
Heap:
 garbage-first heap   total 215040K, used 136957K [0x0000000080000000, 0x0000000100000000)
  region size 1024K, 5 young (5120K), 2 survivors (2048K)
 Metaspace       used 118333K, committed 119040K, reserved 1155072K
  class space    used 15231K, committed 15552K, reserved 1048576K
GC Heap History (20 events):
Event: 20.677 GC heap before
{Heap before GC invocations=46 (full 0):
 garbage-first heap   total 199680K, used 122478K [0x0000000080000000, 0x0000000100000000)
  region size 1024K, 9 young (9216K), 6 survivors (6144K)
 Metaspace       used 84769K, committed 85504K, reserved 1130496K
  class space    used 11516K, committed 11840K, reserved 1048576K
}
Event: 20.682 GC heap after
{Heap after GC invocations=47 (full 0):
 garbage-first heap   total 199680K, used 119548K [0x0000000080000000, 0x0000000100000000)
  region size 1024K, 1 young (1024K), 1 survivors (1024K)
 Metaspace       used 84769K, committed 85504K, reserved 1130496K
  class space    used 11516K, committed 11840K, reserved 1048576K
}
Event: 21.678 GC heap before
{Heap before GC invocations=47 (full 0):
 garbage-first heap   total 199680K, used 162556K [0x0000000080000000, 0x0000000100000000)
  region size 1024K, 43 young (44032K), 1 survivors (1024K)
 Metaspace       used 90101K, committed 90816K, reserved 1130496K
  class space    used 12080K, committed 12416K, reserved 1048576K
}
Event: 21.684 GC heap after
{Heap after GC invocations=48 (full 0):
 garbage-first heap   total 199680K, used 121135K [0x0000000080000000, 0x0000000100000000)
  region size 1024K, 3 young (3072K), 3 survivors (3072K)
 Metaspace       used 90101K, committed 90816K, reserved 1130496K
  class space    used 12080K, committed 12416K, reserved 1048576K
}
Event: 22.788 GC heap before
{Heap before GC invocations=49 (full 0):
 garbage-first heap   total 209920K, used 165167K [0x0000000080000000, 0x0000000100000000)
  region size 1024K, 45 young (46080K), 3 survivors (3072K)
 Metaspace       used 94935K, committed 95616K, reserved 1138688K
  class space    used 12706K, committed 12992K, reserved 1048576K
}
Event: 22.793 GC heap after
{Heap after GC invocations=50 (full 0):
 garbage-first heap   total 209920K, used 123796K [0x0000000080000000, 0x0000000100000000)
  region size 1024K, 5 young (5120K), 5 survivors (5120K)
 Metaspace       used 94935K, committed 95616K, reserved 1138688K
  class space    used 12706K, committed 12992K, reserved 1048576K
}
Event: 22.815 GC heap before
{Heap before GC invocations=50 (full 0):
 garbage-first heap   total 209920K, used 127892K [0x0000000080000000, 0x0000000100000000)
  region size 1024K, 10 young (10240K), 5 survivors (5120K)
 Metaspace       used 94986K, committed 95680K, reserved 1138688K
  class space    used 12706K, committed 12992K, reserved 1048576K
}
Event: 22.820 GC heap after
{Heap after GC invocations=51 (full 0):
 garbage-first heap   total 209920K, used 125199K [0x0000000080000000, 0x0000000100000000)
  region size 1024K, 2 young (2048K), 2 survivors (2048K)
 Metaspace       used 94986K, committed 95680K, reserved 1138688K
  class space    used 12706K, committed 12992K, reserved 1048576K
}
Event: 23.733 GC heap before
{Heap before GC invocations=51 (full 0):
 garbage-first heap   total 209920K, used 173327K [0x0000000080000000, 0x0000000100000000)
  region size 1024K, 49 young (50176K), 2 survivors (2048K)
 Metaspace       used 97804K, committed 98496K, reserved 1138688K
  class space    used 13042K, committed 13376K, reserved 1048576K
}
Event: 23.739 GC heap after
{Heap after GC invocations=52 (full 0):
 garbage-first heap   total 209920K, used 125732K [0x0000000080000000, 0x0000000100000000)
  region size 1024K, 3 young (3072K), 3 survivors (3072K)
 Metaspace       used 97804K, committed 98496K, reserved 1138688K
  class space    used 13042K, committed 13376K, reserved 1048576K
}
Event: 24.857 GC heap before
{Heap before GC invocations=53 (full 0):
 garbage-first heap   total 215040K, used 175908K [0x0000000080000000, 0x0000000100000000)
  region size 1024K, 52 young (53248K), 3 survivors (3072K)
 Metaspace       used 101407K, committed 102080K, reserved 1138688K
  class space    used 13421K, committed 13696K, reserved 1048576K
}
Event: 24.863 GC heap after
{Heap after GC invocations=54 (full 0):
 garbage-first heap   total 215040K, used 129119K [0x0000000080000000, 0x0000000100000000)
  region size 1024K, 6 young (6144K), 6 survivors (6144K)
 Metaspace       used 101407K, committed 102080K, reserved 1138688K
  class space    used 13421K, committed 13696K, reserved 1048576K
}
Event: 24.946 GC heap before
{Heap before GC invocations=54 (full 0):
 garbage-first heap   total 215040K, used 132191K [0x0000000080000000, 0x0000000100000000)
  region size 1024K, 10 young (10240K), 6 survivors (6144K)
 Metaspace       used 101987K, committed 102656K, reserved 1138688K
  class space    used 13473K, committed 13760K, reserved 1048576K
}
Event: 24.951 GC heap after
{Heap after GC invocations=55 (full 0):
 garbage-first heap   total 215040K, used 129574K [0x0000000080000000, 0x0000000100000000)
  region size 1024K, 1 young (1024K), 1 survivors (1024K)
 Metaspace       used 101987K, committed 102656K, reserved 1138688K
  class space    used 13473K, committed 13760K, reserved 1048576K
}
Event: 26.130 GC heap before
{Heap before GC invocations=55 (full 0):
 garbage-first heap   total 215040K, used 181798K [0x0000000080000000, 0x0000000100000000)
  region size 1024K, 52 young (53248K), 1 survivors (1024K)
 Metaspace       used 107299K, committed 108032K, reserved 1146880K
  class space    used 14131K, committed 14464K, reserved 1048576K
}
Event: 26.135 GC heap after
{Heap after GC invocations=56 (full 0):
 garbage-first heap   total 215040K, used 132319K [0x0000000080000000, 0x0000000100000000)
  region size 1024K, 4 young (4096K), 4 survivors (4096K)
 Metaspace       used 107299K, committed 108032K, reserved 1146880K
  class space    used 14131K, committed 14464K, reserved 1048576K
}
Event: 27.284 GC heap before
{Heap before GC invocations=56 (full 0):
 garbage-first heap   total 215040K, used 181471K [0x0000000080000000, 0x0000000100000000)
  region size 1024K, 52 young (53248K), 4 survivors (4096K)
 Metaspace       used 114481K, committed 115200K, reserved 1155072K
  class space    used 14863K, committed 15168K, reserved 1048576K
}
Event: 27.289 GC heap after
{Heap after GC invocations=57 (full 0):
 garbage-first heap   total 215040K, used 133539K [0x0000000080000000, 0x0000000100000000)
  region size 1024K, 5 young (5120K), 5 survivors (5120K)
 Metaspace       used 114481K, committed 115200K, reserved 1155072K
  class space    used 14863K, committed 15168K, reserved 1048576K
}
Event: 28.314 GC heap before
{Heap before GC invocations=57 (full 0):
 garbage-first heap   total 215040K, used 159139K [0x0000000080000000, 0x0000000100000000)
  region size 1024K, 32 young (32768K), 5 survivors (5120K)
 Metaspace       used 118101K, committed 118784K, reserved 1155072K
  class space    used 15195K, committed 15488K, reserved 1048576K
}
Event: 28.322 GC heap after
{Heap after GC invocations=58 (full 0):
 garbage-first heap   total 215040K, used 133885K [0x0000000080000000, 0x0000000100000000)
  region size 1024K, 2 young (2048K), 2 survivors (2048K)
 Metaspace       used 118101K, committed 118784K, reserved 1155072K
  class space    used 15195K, committed 15488K, reserved 1048576K
}

