# JRE version: OpenJDK Runtime Environment (17.0.6) (build 17.0.6+0-b2043.56-10027231)
# Java VM: OpenJDK 64-Bit Server VM (17.0.6+0-b2043.56-10027231, mixed mode, tiered, compressed oops, compressed class ptrs, g1 gc, windows-amd64)
GC Precious Log:
 CPUs: 16 total, 16 available
 Memory: 7597M
 Large Page Support: Disabled
 NUMA Support: Disabled
 Compressed Oops: Enabled (32-bit)
 Heap Region Size: 1M
 Heap Min Capacity: 8M
 Heap Initial Capacity: 120M
 Heap Max Capacity: 2G
 Pre-touch: Disabled
 Parallel Workers: 13
 Concurrent Workers: 3
 Concurrent Refinement Workers: 13
 Periodic GC: Disabled
Heap:
 garbage-first heap   total 167936K, used 110524K [0x0000000080000000, 0x0000000100000000)
  region size 1024K, 5 young (5120K), 5 survivors (5120K)
 Metaspace       used 83093K, committed 83840K, reserved 1122304K
  class space    used 11465K, committed 11776K, reserved 1048576K
GC Heap History (20 events):
Event: 33.763 GC heap after
{Heap after GC invocations=26 (full 0):
 garbage-first heap   total 147456K, used 70705K [0x0000000080000000, 0x0000000100000000)
  region size 1024K, 2 young (2048K), 2 survivors (2048K)
 Metaspace       used 56891K, committed 57472K, reserved 1105920K
  class space    used 7723K, committed 8000K, reserved 1048576K
}
Event: 36.500 GC heap before
{Heap before GC invocations=26 (full 0):
 garbage-first heap   total 147456K, used 114737K [0x0000000080000000, 0x0000000100000000)
  region size 1024K, 46 young (47104K), 2 survivors (2048K)
 Metaspace       used 64157K, committed 64768K, reserved 1105920K
  class space    used 8584K, committed 8896K, reserved 1048576K
}
Event: 36.509 GC heap after
{Heap after GC invocations=27 (full 0):
 garbage-first heap   total 147456K, used 75392K [0x0000000080000000, 0x0000000100000000)
  region size 1024K, 6 young (6144K), 6 survivors (6144K)
 Metaspace       used 64157K, committed 64768K, reserved 1105920K
  class space    used 8584K, committed 8896K, reserved 1048576K
}
Event: 51.202 GC heap before
{Heap before GC invocations=28 (full 0):
 garbage-first heap   total 147456K, used 120448K [0x0000000080000000, 0x0000000100000000)
  region size 1024K, 47 young (48128K), 6 survivors (6144K)
 Metaspace       used 69025K, committed 69696K, reserved 1114112K
  class space    used 9692K, committed 9984K, reserved 1048576K
}
Event: 51.227 GC heap after
{Heap after GC invocations=29 (full 0):
 garbage-first heap   total 147456K, used 84453K [0x0000000080000000, 0x0000000100000000)
  region size 1024K, 6 young (6144K), 6 survivors (6144K)
 Metaspace       used 69025K, committed 69696K, reserved 1114112K
  class space    used 9692K, committed 9984K, reserved 1048576K
}
Event: 51.245 GC heap before
{Heap before GC invocations=29 (full 0):
 garbage-first heap   total 147456K, used 84453K [0x0000000080000000, 0x0000000100000000)
  region size 1024K, 7 young (7168K), 6 survivors (6144K)
 Metaspace       used 69123K, committed 69824K, reserved 1114112K
  class space    used 9707K, committed 10048K, reserved 1048576K
}
Event: 51.257 GC heap after
{Heap after GC invocations=30 (full 0):
 garbage-first heap   total 147456K, used 84424K [0x0000000080000000, 0x0000000100000000)
  region size 1024K, 1 young (1024K), 1 survivors (1024K)
 Metaspace       used 69123K, committed 69824K, reserved 1114112K
  class space    used 9707K, committed 10048K, reserved 1048576K
}
Event: 51.938 GC heap before
{Heap before GC invocations=30 (full 0):
 garbage-first heap   total 147456K, used 118216K [0x0000000080000000, 0x0000000100000000)
  region size 1024K, 34 young (34816K), 1 survivors (1024K)
 Metaspace       used 72992K, committed 73664K, reserved 1114112K
  class space    used 10230K, committed 10560K, reserved 1048576K
}
Event: 51.941 GC heap after
{Heap after GC invocations=31 (full 0):
 garbage-first heap   total 147456K, used 85502K [0x0000000080000000, 0x0000000100000000)
  region size 1024K, 2 young (2048K), 2 survivors (2048K)
 Metaspace       used 72992K, committed 73664K, reserved 1114112K
  class space    used 10230K, committed 10560K, reserved 1048576K
}
Event: 52.727 GC heap before
{Heap before GC invocations=32 (full 0):
 garbage-first heap   total 148480K, used 124414K [0x0000000080000000, 0x0000000100000000)
  region size 1024K, 36 young (36864K), 2 survivors (2048K)
 Metaspace       used 77568K, committed 78208K, reserved 1122304K
  class space    used 10772K, committed 11072K, reserved 1048576K
}
Event: 52.731 GC heap after
{Heap after GC invocations=33 (full 0):
 garbage-first heap   total 148480K, used 90460K [0x0000000080000000, 0x0000000100000000)
  region size 1024K, 3 young (3072K), 3 survivors (3072K)
 Metaspace       used 77568K, committed 78208K, reserved 1122304K
  class space    used 10772K, committed 11072K, reserved 1048576K
}
Event: 52.799 GC heap before
{Heap before GC invocations=33 (full 0):
 garbage-first heap   total 148480K, used 93532K [0x0000000080000000, 0x0000000100000000)
  region size 1024K, 7 young (7168K), 3 survivors (3072K)
 Metaspace       used 78131K, committed 78784K, reserved 1122304K
  class space    used 10834K, committed 11136K, reserved 1048576K
}
Event: 52.814 GC heap after
{Heap after GC invocations=34 (full 0):
 garbage-first heap   total 148480K, used 90733K [0x0000000080000000, 0x0000000100000000)
  region size 1024K, 1 young (1024K), 1 survivors (1024K)
 Metaspace       used 78131K, committed 78784K, reserved 1122304K
  class space    used 10834K, committed 11136K, reserved 1048576K
}
Event: 53.624 GC heap before
{Heap before GC invocations=34 (full 0):
 garbage-first heap   total 148480K, used 120429K [0x0000000080000000, 0x0000000100000000)
  region size 1024K, 31 young (31744K), 1 survivors (1024K)
 Metaspace       used 82603K, committed 83264K, reserved 1122304K
  class space    used 11428K, committed 11712K, reserved 1048576K
}
Event: 53.627 GC heap after
{Heap after GC invocations=35 (full 0):
 garbage-first heap   total 148480K, used 90910K [0x0000000080000000, 0x0000000100000000)
  region size 1024K, 1 young (1024K), 1 survivors (1024K)
 Metaspace       used 82603K, committed 83264K, reserved 1122304K
  class space    used 11428K, committed 11712K, reserved 1048576K
}
Event: 53.964 GC heap before
{Heap before GC invocations=36 (full 0):
 garbage-first heap   total 167936K, used 130846K [0x0000000080000000, 0x0000000100000000)
  region size 1024K, 33 young (33792K), 1 survivors (1024K)
 Metaspace       used 82722K, committed 83520K, reserved 1122304K
  class space    used 11437K, committed 11776K, reserved 1048576K
}
Event: 53.979 GC heap after
{Heap after GC invocations=37 (full 0):
 garbage-first heap   total 167936K, used 100787K [0x0000000080000000, 0x0000000100000000)
  region size 1024K, 5 young (5120K), 5 survivors (5120K)
 Metaspace       used 82722K, committed 83520K, reserved 1122304K
  class space    used 11437K, committed 11776K, reserved 1048576K
}
Event: 53.992 GC heap before
{Heap before GC invocations=37 (full 0):
 garbage-first heap   total 167936K, used 103859K [0x0000000080000000, 0x0000000100000000)
  region size 1024K, 8 young (8192K), 5 survivors (5120K)
 Metaspace       used 82748K, committed 83520K, reserved 1122304K
  class space    used 11437K, committed 11776K, reserved 1048576K
}
Event: 54.002 GC heap after
{Heap after GC invocations=38 (full 0):
 garbage-first heap   total 167936K, used 102054K [0x0000000080000000, 0x0000000100000000)
  region size 1024K, 1 young (1024K), 1 survivors (1024K)
 Metaspace       used 82748K, committed 83520K, reserved 1122304K
  class space    used 11437K, committed 11776K, reserved 1048576K
}
Event: 54.656 GC heap before
{Heap before GC invocations=38 (full 0):
 garbage-first heap   total 167936K, used 134822K [0x0000000080000000, 0x0000000100000000)
  region size 1024K, 33 young (33792K), 1 survivors (1024K)
 Metaspace       used 83093K, committed 83840K, reserved 1122304K
  class space    used 11465K, committed 11776K, reserved 1048576K
}

