# JRE version: OpenJDK Runtime Environment (17.0.6) (build 17.0.6+0-b2043.56-10027231)
# Java VM: OpenJDK 64-Bit Server VM (17.0.6+0-b2043.56-10027231, mixed mode, tiered, compressed oops, compressed class ptrs, g1 gc, windows-amd64)
GC Precious Log:
 CPUs: 16 total, 16 available
 Memory: 7597M
 Large Page Support: Disabled
 NUMA Support: Disabled
 Compressed Oops: Enabled (32-bit)
 Heap Region Size: 1M
 Heap Min Capacity: 8M
 Heap Initial Capacity: 120M
 Heap Max Capacity: 2G
 Pre-touch: Disabled
 Parallel Workers: 13
 Concurrent Workers: 3
 Concurrent Refinement Workers: 13
 Periodic GC: Disabled
Heap:
 garbage-first heap   total 232448K, used 133948K [0x0000000080000000, 0x0000000100000000)
  region size 1024K, 2 young (2048K), 2 survivors (2048K)
 Metaspace       used 112125K, committed 112832K, reserved 1146880K
  class space    used 14615K, committed 14912K, reserved 1048576K
GC Heap History (20 events):
Event: 17.373 GC heap after
{Heap after GC invocations=39 (full 0):
 garbage-first heap   total 219136K, used 106732K [0x0000000080000000, 0x0000000100000000)
  region size 1024K, 10 young (10240K), 10 survivors (10240K)
 Metaspace       used 76726K, committed 77440K, reserved 1122304K
  class space    used 10643K, committed 10944K, reserved 1048576K
}
Event: 18.035 GC heap before
{Heap before GC invocations=39 (full 0):
 garbage-first heap   total 219136K, used 140524K [0x0000000080000000, 0x0000000100000000)
  region size 1024K, 44 young (45056K), 10 survivors (10240K)
 Metaspace       used 80725K, committed 81344K, reserved 1122304K
  class space    used 11115K, committed 11392K, reserved 1048576K
}
Event: 18.048 GC heap after
{Heap after GC invocations=40 (full 0):
 garbage-first heap   total 219136K, used 110657K [0x0000000080000000, 0x0000000100000000)
  region size 1024K, 3 young (3072K), 3 survivors (3072K)
 Metaspace       used 80725K, committed 81344K, reserved 1122304K
  class space    used 11115K, committed 11392K, reserved 1048576K
}
Event: 19.059 GC heap before
{Heap before GC invocations=41 (full 0):
 garbage-first heap   total 219136K, used 171073K [0x0000000080000000, 0x0000000100000000)
  region size 1024K, 55 young (56320K), 3 survivors (3072K)
 Metaspace       used 86297K, committed 87040K, reserved 1130496K
  class space    used 11631K, committed 11968K, reserved 1048576K
}
Event: 19.066 GC heap after
{Heap after GC invocations=42 (full 0):
 garbage-first heap   total 219136K, used 121841K [0x0000000080000000, 0x0000000100000000)
  region size 1024K, 7 young (7168K), 7 survivors (7168K)
 Metaspace       used 86297K, committed 87040K, reserved 1130496K
  class space    used 11631K, committed 11968K, reserved 1048576K
}
Event: 19.101 GC heap before
{Heap before GC invocations=42 (full 0):
 garbage-first heap   total 219136K, used 124913K [0x0000000080000000, 0x0000000100000000)
  region size 1024K, 10 young (10240K), 7 survivors (7168K)
 Metaspace       used 86445K, committed 87168K, reserved 1130496K
  class space    used 11645K, committed 11968K, reserved 1048576K
}
Event: 19.107 GC heap after
{Heap after GC invocations=43 (full 0):
 garbage-first heap   total 219136K, used 122926K [0x0000000080000000, 0x0000000100000000)
  region size 1024K, 2 young (2048K), 2 survivors (2048K)
 Metaspace       used 86445K, committed 87168K, reserved 1130496K
  class space    used 11645K, committed 11968K, reserved 1048576K
}
Event: 20.136 GC heap before
{Heap before GC invocations=43 (full 0):
 garbage-first heap   total 219136K, used 170030K [0x0000000080000000, 0x0000000100000000)
  region size 1024K, 48 young (49152K), 2 survivors (2048K)
 Metaspace       used 91831K, committed 92544K, reserved 1130496K
  class space    used 12294K, committed 12608K, reserved 1048576K
}
Event: 20.140 GC heap after
{Heap after GC invocations=44 (full 0):
 garbage-first heap   total 219136K, used 123978K [0x0000000080000000, 0x0000000100000000)
  region size 1024K, 3 young (3072K), 3 survivors (3072K)
 Metaspace       used 91831K, committed 92544K, reserved 1130496K
  class space    used 12294K, committed 12608K, reserved 1048576K
}
Event: 21.071 GC heap before
{Heap before GC invocations=45 (full 0):
 garbage-first heap   total 219136K, used 175178K [0x0000000080000000, 0x0000000100000000)
  region size 1024K, 52 young (53248K), 3 survivors (3072K)
 Metaspace       used 95335K, committed 96064K, reserved 1138688K
  class space    used 12758K, committed 13056K, reserved 1048576K
}
Event: 21.078 GC heap after
{Heap after GC invocations=46 (full 0):
 garbage-first heap   total 219136K, used 126037K [0x0000000080000000, 0x0000000100000000)
  region size 1024K, 5 young (5120K), 5 survivors (5120K)
 Metaspace       used 95335K, committed 96064K, reserved 1138688K
  class space    used 12758K, committed 13056K, reserved 1048576K
}
Event: 21.206 GC heap before
{Heap before GC invocations=46 (full 0):
 garbage-first heap   total 219136K, used 131157K [0x0000000080000000, 0x0000000100000000)
  region size 1024K, 10 young (10240K), 5 survivors (5120K)
 Metaspace       used 95724K, committed 96448K, reserved 1138688K
  class space    used 12808K, committed 13120K, reserved 1048576K
}
Event: 21.212 GC heap after
{Heap after GC invocations=47 (full 0):
 garbage-first heap   total 219136K, used 126049K [0x0000000080000000, 0x0000000100000000)
  region size 1024K, 1 young (1024K), 1 survivors (1024K)
 Metaspace       used 95724K, committed 96448K, reserved 1138688K
  class space    used 12808K, committed 13120K, reserved 1048576K
}
Event: 22.298 GC heap before
{Heap before GC invocations=47 (full 0):
 garbage-first heap   total 219136K, used 177249K [0x0000000080000000, 0x0000000100000000)
  region size 1024K, 51 young (52224K), 1 survivors (1024K)
 Metaspace       used 99544K, committed 100224K, reserved 1138688K
  class space    used 13219K, committed 13504K, reserved 1048576K
}
Event: 22.306 GC heap after
{Heap after GC invocations=48 (full 0):
 garbage-first heap   total 219136K, used 129077K [0x0000000080000000, 0x0000000100000000)
  region size 1024K, 4 young (4096K), 4 survivors (4096K)
 Metaspace       used 99544K, committed 100224K, reserved 1138688K
  class space    used 13219K, committed 13504K, reserved 1048576K
}
Event: 23.321 GC heap before
{Heap before GC invocations=49 (full 0):
 garbage-first heap   total 232448K, used 178229K [0x0000000080000000, 0x0000000100000000)
  region size 1024K, 53 young (54272K), 4 survivors (4096K)
 Metaspace       used 103824K, committed 104512K, reserved 1146880K
  class space    used 13663K, committed 13952K, reserved 1048576K
}
Event: 23.332 GC heap after
{Heap after GC invocations=50 (full 0):
 garbage-first heap   total 232448K, used 132815K [0x0000000080000000, 0x0000000100000000)
  region size 1024K, 7 young (7168K), 7 survivors (7168K)
 Metaspace       used 103824K, committed 104512K, reserved 1146880K
  class space    used 13663K, committed 13952K, reserved 1048576K
}
Event: 23.431 GC heap before
{Heap before GC invocations=50 (full 0):
 garbage-first heap   total 232448K, used 135887K [0x0000000080000000, 0x0000000100000000)
  region size 1024K, 11 young (11264K), 7 survivors (7168K)
 Metaspace       used 104445K, committed 105088K, reserved 1146880K
  class space    used 13727K, committed 14016K, reserved 1048576K
}
Event: 23.438 GC heap after
{Heap after GC invocations=51 (full 0):
 garbage-first heap   total 232448K, used 133581K [0x0000000080000000, 0x0000000100000000)
  region size 1024K, 2 young (2048K), 2 survivors (2048K)
 Metaspace       used 104445K, committed 105088K, reserved 1146880K
  class space    used 13727K, committed 14016K, reserved 1048576K
}
Event: 24.761 GC heap before
{Heap before GC invocations=51 (full 0):
 garbage-first heap   total 232448K, used 189901K [0x0000000080000000, 0x0000000100000000)
  region size 1024K, 57 young (58368K), 2 survivors (2048K)
 Metaspace       used 112125K, committed 112832K, reserved 1146880K
  class space    used 14615K, committed 14912K, reserved 1048576K
}

